2026-04-03 13:21:07,930 [INFO] --- Démarrage du traitement ---
2026-04-03 13:21:07,930 [INFO] Source 1 : http://www.xmltvepg.nl/rytecTNT_Basic.xz
2026-04-03 13:21:10,866 [INFO] Source 2 : https://xmltvfr.fr/xmltv/xmltv.xml.gz
2026-04-03 13:21:16,853 [INFO] Source 3 : https://github.com/Catch-up-TV-and-More/xmltv/raw/master/tv_guide_fr.xml
2026-04-03 13:21:17,714 [INFO] Assemblage du fichier final...
2026-04-03 13:21:17,716 [INFO] SUCCÈS : /home/runner/work/epg/epg/b01/epg.xml.gz généré.
2026-04-03 13:26:33,631 [INFO] --- Démarrage du traitement ---
2026-04-03 13:26:33,631 [INFO] Source 1 : http://www.xmltvepg.nl/rytecTNT_Basic.xz
2026-04-03 13:26:36,597 [INFO] Source 2 : https://xmltvfr.fr/xmltv/xmltv.xml.gz
2026-04-03 13:26:42,718 [INFO] Source 3 : https://github.com/Catch-up-TV-and-More/xmltv/raw/master/tv_guide_fr.xml
2026-04-03 13:26:44,089 [INFO] Liste des chaînes récupérées : 6tertest, fr2test
2026-04-03 13:26:44,089 [INFO] Assemblage du fichier final...
2026-04-03 13:26:44,091 [INFO] SUCCÈS : /home/runner/work/epg/epg/b01/epg.xml.gz généré.
2026-04-04 04:51:46,803 [INFO] --- Démarrage du traitement ---
2026-04-04 04:51:46,804 [INFO] Source 1 : http://www.xmltvepg.nl/rytecTNT_Basic.xz
2026-04-04 04:51:49,856 [INFO] Source 2 : https://xmltvfr.fr/xmltv/xmltv.xml.gz
2026-04-04 04:51:56,047 [INFO] Source 3 : https://github.com/Catch-up-TV-and-More/xmltv/raw/master/tv_guide_fr.xml
2026-04-04 04:51:58,166 [INFO] Liste des chaînes récupérées : 6tertest, fr2test
2026-04-04 04:51:58,167 [INFO] Assemblage du fichier final...
2026-04-04 04:51:58,168 [INFO] SUCCÈS : /home/runner/work/epg/epg/b01/epg.xml.gz généré.
2026-04-05 05:13:57,386 [INFO] --- Démarrage du traitement ---
2026-04-05 05:13:57,387 [INFO] Source 1 : http://www.xmltvepg.nl/rytecTNT_Basic.xz
2026-04-05 05:14:00,610 [INFO] Source 2 : https://xmltvfr.fr/xmltv/xmltv.xml.gz
2026-04-05 05:14:08,152 [INFO] Source 3 : https://github.com/Catch-up-TV-and-More/xmltv/raw/master/tv_guide_fr.xml
2026-04-05 05:14:10,083 [INFO] Liste des chaînes récupérées : C.6ter, C.fr2
2026-04-05 05:14:10,083 [INFO] Assemblage du fichier final...
2026-04-05 05:14:10,085 [INFO] SUCCÈS : /home/runner/work/epg/epg/b01/epg.xml.gz généré.
2026-04-06 05:26:56,285 [INFO] --- Démarrage du traitement ---
2026-04-06 05:26:56,285 [INFO] Source 1 : http://www.xmltvepg.nl/rytecTNT_Basic.xz
2026-04-06 05:26:59,658 [INFO] Source 2 : https://xmltvfr.fr/xmltv/xmltv.xml.gz
2026-04-06 05:27:07,767 [INFO] Source 3 : https://github.com/Catch-up-TV-and-More/xmltv/raw/master/tv_guide_fr.xml
2026-04-06 05:27:09,644 [INFO] Liste des chaînes récupérées : C.6ter, C.fr2
2026-04-06 05:27:09,644 [INFO] Assemblage du fichier final...
2026-04-06 05:27:09,646 [INFO] SUCCÈS : /home/runner/work/epg/epg/b01/epg.xml.gz généré.
2026-04-07 05:11:28,978 [INFO] --- Démarrage du traitement ---
2026-04-07 05:11:28,978 [INFO] Source 1 : http://www.xmltvepg.nl/rytecTNT_Basic.xz
2026-04-07 05:11:32,261 [INFO] Source 2 : https://xmltvfr.fr/xmltv/xmltv.xml.gz
2026-04-07 05:11:38,159 [INFO] Source 3 : https://github.com/Catch-up-TV-and-More/xmltv/raw/master/tv_guide_fr.xml
2026-04-07 05:11:39,740 [INFO] Liste des chaînes récupérées : C.6ter, C.fr2
2026-04-07 05:11:39,741 [INFO] Assemblage du fichier final...
2026-04-07 05:11:39,742 [INFO] SUCCÈS : /home/runner/work/epg/epg/b01/epg.xml.gz généré.
2026-04-08 05:12:46,634 [INFO] --- Démarrage du traitement ---
2026-04-08 05:12:46,634 [INFO] Source 1 : http://www.xmltvepg.nl/rytecTNT_Basic.xz
2026-04-08 05:12:49,569 [INFO] Source 2 : https://xmltvfr.fr/xmltv/xmltv.xml.gz
2026-04-08 05:12:55,681 [INFO] Source 3 : https://github.com/Catch-up-TV-and-More/xmltv/raw/master/tv_guide_fr.xml
2026-04-08 05:12:56,947 [INFO] Liste des chaînes récupérées : C.6ter, C.fr2
2026-04-08 05:12:56,947 [INFO] Assemblage du fichier final...
2026-04-08 05:12:56,949 [INFO] SUCCÈS : /home/runner/work/epg/epg/b01/epg.xml.gz généré.
2026-04-09 05:11:31,851 [INFO] --- Démarrage du traitement ---
2026-04-09 05:11:31,851 [INFO] Source 1 : http://www.xmltvepg.nl/rytecTNT_Basic.xz
2026-04-09 05:11:53,618 [INFO] Source 2 : https://xmltvfr.fr/xmltv/xmltv.xml.gz
2026-04-09 05:11:59,564 [INFO] Source 3 : https://github.com/Catch-up-TV-and-More/xmltv/raw/master/tv_guide_fr.xml
2026-04-09 05:12:00,899 [INFO] Liste des chaînes récupérées : C.6ter, C.fr2
2026-04-09 05:12:00,899 [INFO] Assemblage du fichier final...
2026-04-09 05:12:00,901 [INFO] SUCCÈS : /home/runner/work/epg/epg/b01/epg.xml.gz généré.
2026-04-10 05:27:16,956 [INFO] --- Démarrage du traitement ---
2026-04-10 05:27:16,956 [INFO] Source 1 : http://www.xmltvepg.nl/rytecTNT_Basic.xz
2026-04-10 05:27:20,025 [INFO] Source 2 : https://xmltvfr.fr/xmltv/xmltv.xml.gz
2026-04-10 05:27:26,166 [INFO] Source 3 : https://github.com/Catch-up-TV-and-More/xmltv/raw/master/tv_guide_fr.xml
2026-04-10 05:27:27,491 [INFO] Liste des chaînes récupérées : C.6ter, C.fr2
2026-04-10 05:27:27,492 [INFO] Assemblage du fichier final...
2026-04-10 05:27:27,494 [INFO] SUCCÈS : /home/runner/work/epg/epg/b01/epg.xml.gz généré.
2026-04-11 04:56:55,583 [INFO] --- Démarrage du traitement ---
2026-04-11 04:56:55,583 [INFO] Source 1 : http://www.xmltvepg.nl/rytecTNT_Basic.xz
2026-04-11 04:56:58,606 [INFO] Source 2 : https://xmltvfr.fr/xmltv/xmltv.xml.gz
2026-04-11 04:57:05,303 [INFO] Source 3 : https://github.com/Catch-up-TV-and-More/xmltv/raw/master/tv_guide_fr.xml
2026-04-11 04:57:06,612 [INFO] Liste des chaînes récupérées : C.6ter, C.fr2
2026-04-11 04:57:06,612 [INFO] Assemblage du fichier final...
2026-04-11 04:57:06,614 [INFO] SUCCÈS : /home/runner/work/epg/epg/b01/epg.xml.gz généré.
2026-04-12 05:25:45,108 [INFO] --- Démarrage du traitement ---
2026-04-12 05:25:45,108 [INFO] Source 1 : http://www.xmltvepg.nl/rytecTNT_Basic.xz
2026-04-12 05:25:48,267 [INFO] Source 2 : https://xmltvfr.fr/xmltv/xmltv.xml.gz
2026-04-12 05:25:54,225 [INFO] Source 3 : https://github.com/Catch-up-TV-and-More/xmltv/raw/master/tv_guide_fr.xml
2026-04-12 05:25:56,017 [INFO] Liste des chaînes récupérées : C.6ter, C.fr2
2026-04-12 05:25:56,017 [INFO] Assemblage du fichier final...
2026-04-12 05:25:56,019 [INFO] SUCCÈS : /home/runner/work/epg/epg/b01/epg.xml.gz généré.
2026-04-13 05:44:05,077 [INFO] --- Démarrage du traitement ---
2026-04-13 05:44:05,077 [INFO] Source 1 : http://www.xmltvepg.nl/rytecTNT_Basic.xz
2026-04-13 05:44:08,323 [INFO] Source 2 : https://xmltvfr.fr/xmltv/xmltv.xml.gz
2026-04-13 05:44:16,168 [INFO] Source 3 : https://github.com/Catch-up-TV-and-More/xmltv/raw/master/tv_guide_fr.xml
2026-04-13 05:44:17,714 [INFO] Liste des chaînes récupérées : C.6ter, C.fr2
2026-04-13 05:44:17,714 [INFO] Assemblage du fichier final...
2026-04-13 05:44:17,716 [INFO] SUCCÈS : /home/runner/work/epg/epg/b01/epg.xml.gz généré.
2026-04-13 12:33:33,986 [INFO] --- Démarrage du traitement ---
2026-04-13 12:33:33,986 [INFO] Source 1 : http://www.xmltvepg.nl/rytecTNT_Basic.xz
2026-04-13 12:33:37,199 [INFO] Source 2 : http://www.xmltvepg.nl/rytecFR_Mixte.xz
2026-04-13 12:33:41,050 [INFO] Source 3 : http://www.xmltvepg.nl/rytecBE_FR_Common.xz
2026-04-13 12:33:45,077 [INFO] Source 4 : http://www.xmltvepg.nl/rytecCH_Basic.xz
2026-04-13 12:33:47,594 [INFO] Source 5 : http://www.xmltvepg.nl/rytecNWS.xz
2026-04-13 12:33:48,647 [INFO] Source 6 : https://github.com/Catch-up-TV-and-More/xmltv/raw/master/tv_guide_fr.xml
2026-04-13 12:33:49,915 [INFO] Liste des chaînes récupérées : C.6ter, C.Animaux_fr, C.Arte, C.BFMTV, C.BFMgrandsreportages, C.Cnews, C.Cstar, C.Figaro, C.France24_fr, C.Gulli, C.LCI, C.LCP, C.Lequipe, C.M6, C.MCM_fr, C.Mezzo, C.NOVO19, C.Planeteplus_fr, C.RMCdecouverte, C.RMClife, C.RMCstory, C.RSIla2_ch, C.RTS2_ch, C.T18, C.TF1, C.TF1seriesfilms, C.TFX, C.TMC, C.TV5mondeFBS_fr, C.TV5mondeeurope_fr, C.TV7bordeaux, C.Tech_co, C.W9, C.carac1, C.carac2, C.carac3, C.carac4, C.carac5, C.euronews_fr, C.fr2, C.fr3, C.fr3noa, C.fr5, C.frinfo
2026-04-13 12:33:49,915 [INFO] Assemblage du fichier final...
2026-04-13 12:33:49,958 [INFO] SUCCÈS : /home/runner/work/epg/epg/b01/epg.xml.gz généré.
2026-04-14 05:26:07,634 [INFO] --- Démarrage du traitement ---
2026-04-14 05:26:07,634 [INFO] Source 1 : http://www.xmltvepg.nl/rytecTNT_Basic.xz
2026-04-14 05:26:10,861 [INFO] Source 2 : http://www.xmltvepg.nl/rytecFR_Mixte.xz
2026-04-14 05:26:14,708 [INFO] Source 3 : http://www.xmltvepg.nl/rytecBE_FR_Common.xz
2026-04-14 05:26:18,732 [INFO] Source 4 : http://www.xmltvepg.nl/rytecCH_Basic.xz
2026-04-14 05:26:21,375 [INFO] Source 5 : http://www.xmltvepg.nl/rytecNWS.xz
2026-04-14 05:26:22,457 [INFO] Source 6 : https://github.com/Catch-up-TV-and-More/xmltv/raw/master/tv_guide_fr.xml
2026-04-14 05:26:23,620 [INFO] Liste des chaînes récupérées : C.6ter, C.Animaux_fr, C.Arte, C.BFMTV, C.BFMgrandsreportages, C.Cnews, C.Cstar, C.Figaro, C.France24_fr, C.Gulli, C.LCI, C.LCP, C.Lequipe, C.M6, C.MCM_fr, C.Mezzo, C.NOVO19, C.Planeteplus_fr, C.RMCdecouverte, C.RMClife, C.RMCstory, C.RSIla2_ch, C.RTS2_ch, C.T18, C.TF1, C.TF1seriesfilms, C.TFX, C.TMC, C.TV5mondeFBS_fr, C.TV5mondeeurope_fr, C.TV7bordeaux, C.Tech_co, C.W9, C.carac1, C.carac2, C.carac3, C.carac4, C.carac5, C.euronews_fr, C.fr2, C.fr3, C.fr3noa, C.fr4, C.fr5, C.frinfo
2026-04-14 05:26:23,620 [INFO] Assemblage du fichier final...
2026-04-14 05:26:23,658 [INFO] SUCCÈS : /home/runner/work/epg/epg/b01/epg.xml.gz généré.
2026-04-15 05:26:17,243 [INFO] --- Démarrage du traitement ---
2026-04-15 05:26:17,244 [INFO] Source 1 : http://www.xmltvepg.nl/rytecTNT_Basic.xz
2026-04-15 05:26:20,396 [INFO] Source 2 : http://www.xmltvepg.nl/rytecFR_Mixte.xz
2026-04-15 05:26:24,173 [INFO] Source 3 : http://www.xmltvepg.nl/rytecBE_FR_Common.xz
2026-04-15 05:26:28,375 [INFO] Source 4 : http://www.xmltvepg.nl/rytecCH_Basic.xz
2026-04-15 05:26:30,813 [INFO] Source 5 : http://www.xmltvepg.nl/rytecNWS.xz
2026-04-15 05:26:31,780 [INFO] Source 6 : https://github.com/Catch-up-TV-and-More/xmltv/raw/master/tv_guide_fr.xml
2026-04-15 05:26:33,217 [INFO] Liste des chaînes récupérées : C.6ter, C.Animaux_fr, C.Arte, C.BFMTV, C.BFMgrandsreportages, C.Cnews, C.Cstar, C.Figaro, C.France24_fr, C.Gulli, C.LCI, C.LCP, C.Lequipe, C.M6, C.MCM_fr, C.Mezzo, C.NOVO19, C.Planeteplus_fr, C.RMCdecouverte, C.RMClife, C.RMCstory, C.RSIla2_ch, C.RTS2_ch, C.T18, C.TF1, C.TF1seriesfilms, C.TFX, C.TMC, C.TV5mondeFBS_fr, C.TV5mondeeurope_fr, C.TV7bordeaux, C.Tech_co, C.W9, C.carac1, C.carac2, C.carac3, C.carac4, C.carac5, C.euronews_fr, C.fr2, C.fr3, C.fr3noa, C.fr4, C.fr5, C.frinfo
2026-04-15 05:26:33,217 [INFO] Assemblage du fichier final...
2026-04-15 05:26:33,253 [INFO] SUCCÈS : /home/runner/work/epg/epg/b01/epg.xml.gz généré.
2026-04-16 05:32:42,346 [INFO] --- Démarrage du traitement ---
2026-04-16 05:32:42,346 [INFO] Source 1 : http://www.xmltvepg.nl/rytecTNT_Basic.xz
2026-04-16 05:32:45,375 [INFO] Source 2 : http://www.xmltvepg.nl/rytecFR_Mixte.xz
2026-04-16 05:32:49,132 [INFO] Source 3 : http://www.xmltvepg.nl/rytecBE_FR_Common.xz
2026-04-16 05:32:53,398 [INFO] Source 4 : http://www.xmltvepg.nl/rytecCH_Basic.xz
2026-04-16 05:32:55,870 [INFO] Source 5 : http://www.xmltvepg.nl/rytecNWS.xz
2026-04-16 05:32:56,916 [INFO] Source 6 : https://github.com/Catch-up-TV-and-More/xmltv/raw/master/tv_guide_fr.xml
2026-04-16 05:32:58,008 [INFO] Liste des chaînes récupérées : C.6ter, C.Animaux_fr, C.Arte, C.BFMTV, C.BFMgrandsreportages, C.Cnews, C.Cstar, C.Figaro, C.France24_fr, C.Gulli, C.LCI, C.LCP, C.Lequipe, C.M6, C.MCM_fr, C.Mezzo, C.NOVO19, C.Planeteplus_fr, C.RMCdecouverte, C.RMClife, C.RMCstory, C.RSIla2_ch, C.RTS2_ch, C.T18, C.TF1, C.TF1seriesfilms, C.TFX, C.TMC, C.TV5mondeFBS_fr, C.TV5mondeeurope_fr, C.TV7bordeaux, C.Tech_co, C.W9, C.carac1, C.carac2, C.carac3, C.carac4, C.carac5, C.euronews_fr, C.fr2, C.fr3, C.fr3noa, C.fr4, C.fr5, C.frinfo
2026-04-16 05:32:58,008 [INFO] Assemblage du fichier final...
2026-04-16 05:32:58,049 [INFO] SUCCÈS : /home/runner/work/epg/epg/b01/epg.xml.gz généré.
2026-04-17 05:29:49,363 [INFO] --- Démarrage du traitement ---
2026-04-17 05:29:49,363 [INFO] Source 1 : http://www.xmltvepg.nl/rytecTNT_Basic.xz
2026-04-17 05:29:52,631 [INFO] Source 2 : http://www.xmltvepg.nl/rytecFR_Mixte.xz
2026-04-17 05:29:56,605 [INFO] Source 3 : http://www.xmltvepg.nl/rytecBE_FR_Common.xz
2026-04-17 05:30:00,991 [INFO] Source 4 : http://www.xmltvepg.nl/rytecCH_Basic.xz
2026-04-17 05:30:03,814 [INFO] Source 5 : http://www.xmltvepg.nl/rytecNWS.xz
2026-04-17 05:30:05,014 [INFO] Source 6 : https://github.com/Catch-up-TV-and-More/xmltv/raw/master/tv_guide_fr.xml
2026-04-17 05:30:06,716 [INFO] Liste des chaînes récupérées : C.6ter, C.Animaux_fr, C.Arte, C.BFMTV, C.BFMgrandsreportages, C.Cnews, C.Cstar, C.Figaro, C.France24_fr, C.Gulli, C.LCI, C.LCP, C.Lequipe, C.M6, C.MCM_fr, C.Mezzo, C.NOVO19, C.Planeteplus_fr, C.RMCdecouverte, C.RMClife, C.RMCstory, C.RSIla2_ch, C.RTS2_ch, C.T18, C.TF1, C.TF1seriesfilms, C.TFX, C.TMC, C.TV5mondeFBS_fr, C.TV5mondeeurope_fr, C.TV7bordeaux, C.Tech_co, C.W9, C.carac1, C.carac2, C.carac3, C.carac4, C.carac5, C.euronews_fr, C.fr2, C.fr3, C.fr3noa, C.fr4, C.fr5, C.frinfo
2026-04-17 05:30:06,716 [INFO] Assemblage du fichier final...
2026-04-17 05:30:06,756 [INFO] SUCCÈS : /home/runner/work/epg/epg/b01/epg.xml.gz généré.
2026-04-18 05:08:23,625 [INFO] --- Démarrage du traitement ---
2026-04-18 05:08:23,625 [INFO] Source 1 : http://www.xmltvepg.nl/rytecTNT_Basic.xz
2026-04-18 05:08:42,865 [INFO] Source 2 : http://www.xmltvepg.nl/rytecFR_Mixte.xz
2026-04-18 05:09:15,963 [INFO] Source 3 : http://www.xmltvepg.nl/rytecBE_FR_Common.xz
2026-04-18 05:09:41,839 [INFO] Source 4 : http://www.xmltvepg.nl/rytecCH_Basic.xz
2026-04-18 05:09:57,482 [INFO] Source 5 : http://www.xmltvepg.nl/rytecNWS.xz
2026-04-18 05:10:14,603 [INFO] Source 6 : https://github.com/Catch-up-TV-and-More/xmltv/raw/master/tv_guide_fr.xml
2026-04-18 05:10:16,257 [INFO] Liste des chaînes récupérées : C.6ter, C.Animaux_fr, C.Arte, C.BFMTV, C.BFMgrandsreportages, C.Cnews, C.Cstar, C.Figaro, C.France24_fr, C.Gulli, C.LCI, C.LCP, C.Lequipe, C.M6, C.MCM_fr, C.Mezzo, C.NOVO19, C.Planeteplus_fr, C.RMCdecouverte, C.RMClife, C.RMCstory, C.RSIla2_ch, C.RTS2_ch, C.T18, C.TF1, C.TF1seriesfilms, C.TFX, C.TMC, C.TV5mondeFBS_fr, C.TV5mondeeurope_fr, C.TV7bordeaux, C.Tech_co, C.W9, C.carac1, C.carac2, C.carac3, C.carac4, C.carac5, C.euronews_fr, C.fr2, C.fr3, C.fr3noa, C.fr4, C.fr5, C.frinfo
2026-04-18 05:10:16,257 [INFO] Assemblage du fichier final...
2026-04-18 05:10:16,296 [INFO] SUCCÈS : /home/runner/work/epg/epg/b01/epg.xml.gz généré.
2026-04-19 05:31:00,139 [INFO] --- Démarrage du traitement ---
2026-04-19 05:31:00,139 [INFO] Source 1 : http://www.xmltvepg.nl/rytecTNT_Basic.xz
2026-04-19 05:31:03,228 [INFO] Source 2 : http://www.xmltvepg.nl/rytecFR_Mixte.xz
2026-04-19 05:31:06,905 [INFO] Source 3 : http://www.xmltvepg.nl/rytecBE_FR_Common.xz
2026-04-19 05:31:11,117 [INFO] Source 4 : http://www.xmltvepg.nl/rytecCH_Basic.xz
2026-04-19 05:31:13,763 [INFO] Source 5 : http://www.xmltvepg.nl/rytecNWS.xz
2026-04-19 05:31:14,791 [INFO] Source 6 : https://github.com/Catch-up-TV-and-More/xmltv/raw/master/tv_guide_fr.xml
2026-04-19 05:31:15,927 [INFO] Liste des chaînes récupérées : C.6ter, C.Animaux_fr, C.Arte, C.BFMTV, C.BFMgrandsreportages, C.Cnews, C.Cstar, C.Figaro, C.France24_fr, C.Gulli, C.LCI, C.LCP, C.Lequipe, C.M6, C.MCM_fr, C.Mezzo, C.NOVO19, C.Planeteplus_fr, C.RMCdecouverte, C.RMClife, C.RMCstory, C.RSIla2_ch, C.RTS2_ch, C.T18, C.TF1, C.TF1seriesfilms, C.TFX, C.TMC, C.TV5mondeFBS_fr, C.TV5mondeeurope_fr, C.TV7bordeaux, C.Tech_co, C.W9, C.carac1, C.carac2, C.carac3, C.carac4, C.carac5, C.euronews_fr, C.fr2, C.fr3, C.fr3noa, C.fr4, C.fr5, C.frinfo
2026-04-19 05:31:15,927 [INFO] Assemblage du fichier final...
2026-04-19 05:31:15,964 [INFO] SUCCÈS : /home/runner/work/epg/epg/b01/epg.xml.gz généré.
2026-04-20 05:43:34,863 [INFO] --- Démarrage du traitement ---
2026-04-20 05:43:34,863 [INFO] Source 1 : http://www.xmltvepg.nl/rytecTNT_Basic.xz
2026-04-20 05:43:38,103 [INFO] Source 2 : http://www.xmltvepg.nl/rytecFR_Mixte.xz
2026-04-20 05:43:41,805 [INFO] Source 3 : http://www.xmltvepg.nl/rytecBE_FR_Common.xz
2026-04-20 05:43:46,132 [INFO] Source 4 : http://www.xmltvepg.nl/rytecCH_Basic.xz
2026-04-20 05:43:48,693 [INFO] Source 5 : http://www.xmltvepg.nl/rytecNWS.xz
2026-04-20 05:43:50,068 [INFO] Source 6 : https://github.com/Catch-up-TV-and-More/xmltv/raw/master/tv_guide_fr.xml
2026-04-20 05:43:51,781 [INFO] Liste des chaînes récupérées : C.6ter, C.Animaux_fr, C.Arte, C.BFMTV, C.BFMgrandsreportages, C.Cnews, C.Cstar, C.Figaro, C.France24_fr, C.Gulli, C.LCI, C.LCP, C.Lequipe, C.M6, C.MCM_fr, C.Mezzo, C.NOVO19, C.Planeteplus_fr, C.RMCdecouverte, C.RMClife, C.RMCstory, C.RSIla2_ch, C.RTS2_ch, C.T18, C.TF1, C.TF1seriesfilms, C.TFX, C.TMC, C.TV5mondeFBS_fr, C.TV5mondeeurope_fr, C.TV7bordeaux, C.Tech_co, C.W9, C.carac1, C.carac2, C.carac3, C.carac4, C.carac5, C.euronews_fr, C.fr2, C.fr3, C.fr3noa, C.fr4, C.fr5, C.frinfo
2026-04-20 05:43:51,782 [INFO] Assemblage du fichier final...
2026-04-20 05:43:51,821 [INFO] SUCCÈS : /home/runner/work/epg/epg/b01/epg.xml.gz généré.
2026-04-21 05:29:15,533 [INFO] --- Démarrage du traitement ---
2026-04-21 05:29:15,533 [INFO] Source 1 : http://www.xmltvepg.nl/rytecTNT_Basic.xz
2026-04-21 05:29:18,838 [INFO] Source 2 : http://www.xmltvepg.nl/rytecFR_Mixte.xz
2026-04-21 05:29:22,770 [INFO] Source 3 : http://www.xmltvepg.nl/rytecBE_FR_Common.xz
2026-04-21 05:29:27,115 [INFO] Source 4 : http://www.xmltvepg.nl/rytecCH_Basic.xz
2026-04-21 05:29:30,070 [INFO] Source 5 : http://www.xmltvepg.nl/rytecNWS.xz
2026-04-21 05:29:31,524 [INFO] Source 6 : https://github.com/Catch-up-TV-and-More/xmltv/raw/master/tv_guide_fr.xml
2026-04-21 05:29:32,868 [INFO] Liste des chaînes récupérées : C.6ter, C.Animaux_fr, C.Arte, C.BFMTV, C.BFMgrandsreportages, C.Cnews, C.Cstar, C.Figaro, C.France24_fr, C.Gulli, C.LCI, C.LCP, C.Lequipe, C.M6, C.MCM_fr, C.Mezzo, C.NOVO19, C.Planeteplus_fr, C.RMCdecouverte, C.RMClife, C.RMCstory, C.RSIla2_ch, C.RTS2_ch, C.T18, C.TF1, C.TF1seriesfilms, C.TFX, C.TMC, C.TV5mondeFBS_fr, C.TV5mondeeurope_fr, C.TV7bordeaux, C.Tech_co, C.W9, C.carac1, C.carac2, C.carac3, C.carac4, C.carac5, C.euronews_fr, C.fr2, C.fr3, C.fr3noa, C.fr4, C.fr5, C.frinfo
2026-04-21 05:29:32,868 [INFO] Assemblage du fichier final...
2026-04-21 05:29:32,901 [INFO] SUCCÈS : /home/runner/work/epg/epg/b01/epg.xml.gz généré.
2026-04-22 05:27:44,828 [INFO] --- Démarrage du traitement ---
2026-04-22 05:27:44,828 [INFO] Source 1 : http://www.xmltvepg.nl/rytecTNT_Basic.xz
2026-04-22 05:27:48,079 [INFO] Source 2 : http://www.xmltvepg.nl/rytecFR_Mixte.xz
2026-04-22 05:27:51,978 [INFO] Source 3 : http://www.xmltvepg.nl/rytecBE_FR_Common.xz
2026-04-22 05:27:56,357 [INFO] Source 4 : http://www.xmltvepg.nl/rytecCH_Basic.xz
2026-04-22 05:27:59,144 [INFO] Source 5 : http://www.xmltvepg.nl/rytecNWS.xz
2026-04-22 05:28:00,451 [INFO] Source 6 : https://github.com/Catch-up-TV-and-More/xmltv/raw/master/tv_guide_fr.xml
2026-04-22 05:28:02,012 [INFO] Liste des chaînes récupérées : C.6ter, C.Animaux_fr, C.Arte, C.BFMTV, C.BFMgrandsreportages, C.Cnews, C.Cstar, C.Figaro, C.France24_fr, C.Gulli, C.LCI, C.LCP, C.Lequipe, C.M6, C.MCM_fr, C.Mezzo, C.NOVO19, C.Planeteplus_fr, C.RMCdecouverte, C.RMClife, C.RMCstory, C.RSIla2_ch, C.RTS2_ch, C.T18, C.TF1, C.TF1seriesfilms, C.TFX, C.TMC, C.TV5mondeFBS_fr, C.TV5mondeeurope_fr, C.TV7bordeaux, C.Tech_co, C.W9, C.carac1, C.carac2, C.carac3, C.carac4, C.carac5, C.euronews_fr, C.fr2, C.fr3, C.fr3noa, C.fr4, C.fr5, C.frinfo
2026-04-22 05:28:02,012 [INFO] Assemblage du fichier final...
2026-04-22 05:28:02,054 [INFO] SUCCÈS : /home/runner/work/epg/epg/b01/epg.xml.gz généré.
2026-04-23 05:32:30,067 [INFO] --- Démarrage du traitement ---
2026-04-23 05:32:30,067 [INFO] Source 1 : http://www.xmltvepg.nl/rytecTNT_Basic.xz
2026-04-23 05:32:33,119 [INFO] Source 2 : http://www.xmltvepg.nl/rytecFR_Mixte.xz
2026-04-23 05:32:36,875 [INFO] Source 3 : http://www.xmltvepg.nl/rytecBE_FR_Common.xz
2026-04-23 05:32:41,181 [INFO] Source 4 : http://www.xmltvepg.nl/rytecCH_Basic.xz
2026-04-23 05:32:44,004 [INFO] Source 5 : http://www.xmltvepg.nl/rytecNWS.xz
2026-04-23 05:32:45,063 [INFO] Source 6 : https://github.com/Catch-up-TV-and-More/xmltv/raw/master/tv_guide_fr.xml
2026-04-23 05:32:46,655 [INFO] Liste des chaînes récupérées : C.6ter, C.Animaux_fr, C.Arte, C.BFMTV, C.BFMgrandsreportages, C.Cnews, C.Cstar, C.Figaro, C.France24_fr, C.Gulli, C.LCI, C.LCP, C.Lequipe, C.M6, C.MCM_fr, C.Mezzo, C.NOVO19, C.Planeteplus_fr, C.RMCdecouverte, C.RMClife, C.RMCstory, C.RSIla2_ch, C.RTS2_ch, C.T18, C.TF1, C.TF1seriesfilms, C.TFX, C.TMC, C.TV5mondeFBS_fr, C.TV5mondeeurope_fr, C.TV7bordeaux, C.Tech_co, C.W9, C.carac1, C.carac2, C.carac3, C.carac4, C.carac5, C.euronews_fr, C.fr2, C.fr3, C.fr3noa, C.fr4, C.fr5, C.frinfo
2026-04-23 05:32:46,655 [INFO] Assemblage du fichier final...
2026-04-23 05:32:46,696 [INFO] SUCCÈS : /home/runner/work/epg/epg/b01/epg.xml.gz généré.
2026-04-24 05:37:38,105 [INFO] --- Démarrage du traitement ---
2026-04-24 05:37:38,105 [INFO] Source 1 : http://www.xmltvepg.nl/rytecTNT_Basic.xz
2026-04-24 05:37:41,456 [INFO] Source 2 : http://www.xmltvepg.nl/rytecFR_Mixte.xz
2026-04-24 05:37:45,437 [INFO] Source 3 : http://www.xmltvepg.nl/rytecBE_FR_Common.xz
2026-04-24 05:37:49,900 [INFO] Source 4 : http://www.xmltvepg.nl/rytecCH_Basic.xz
2026-04-24 05:37:52,789 [INFO] Source 5 : http://www.xmltvepg.nl/rytecNWS.xz
2026-04-24 05:37:54,289 [INFO] Source 6 : https://github.com/Catch-up-TV-and-More/xmltv/raw/master/tv_guide_fr.xml
2026-04-24 05:37:55,872 [INFO] Liste des chaînes récupérées : C.6ter, C.Animaux_fr, C.Arte, C.BFMTV, C.BFMgrandsreportages, C.Cnews, C.Cstar, C.Figaro, C.France24_fr, C.Gulli, C.LCI, C.LCP, C.Lequipe, C.M6, C.MCM_fr, C.Mezzo, C.NOVO19, C.Planeteplus_fr, C.RMCdecouverte, C.RMClife, C.RMCstory, C.RSIla2_ch, C.RTS2_ch, C.T18, C.TF1, C.TF1seriesfilms, C.TFX, C.TMC, C.TV5mondeFBS_fr, C.TV5mondeeurope_fr, C.TV7bordeaux, C.Tech_co, C.W9, C.carac1, C.carac2, C.carac3, C.carac4, C.carac5, C.euronews_fr, C.fr2, C.fr3, C.fr3noa, C.fr4, C.fr5, C.frinfo
2026-04-24 05:37:55,872 [INFO] Assemblage du fichier final...
2026-04-24 05:37:55,910 [INFO] SUCCÈS : /home/runner/work/epg/epg/b01/epg.xml.gz généré.
2026-04-25 05:13:30,469 [INFO] --- Démarrage du traitement ---
2026-04-25 05:13:30,469 [INFO] Source 1 : http://www.xmltvepg.nl/rytecTNT_Basic.xz
2026-04-25 05:13:33,564 [INFO] Source 2 : http://www.xmltvepg.nl/rytecFR_Mixte.xz
2026-04-25 05:13:37,316 [INFO] Source 3 : http://www.xmltvepg.nl/rytecBE_FR_Common.xz
2026-04-25 05:13:41,717 [INFO] Source 4 : http://www.xmltvepg.nl/rytecCH_Basic.xz
2026-04-25 05:13:44,380 [INFO] Source 5 : http://www.xmltvepg.nl/rytecNWS.xz
2026-04-25 05:13:45,431 [INFO] Source 6 : https://github.com/Catch-up-TV-and-More/xmltv/raw/master/tv_guide_fr.xml
2026-04-25 05:13:46,595 [INFO] Liste des chaînes récupérées : C.6ter, C.Animaux_fr, C.Arte, C.BFMTV, C.BFMgrandsreportages, C.Cnews, C.Cstar, C.Figaro, C.France24_fr, C.Gulli, C.LCI, C.LCP, C.Lequipe, C.M6, C.MCM_fr, C.Mezzo, C.NOVO19, C.Planeteplus_fr, C.RMCdecouverte, C.RMClife, C.RMCstory, C.RSIla2_ch, C.RTS2_ch, C.T18, C.TF1, C.TF1seriesfilms, C.TFX, C.TMC, C.TV5mondeFBS_fr, C.TV5mondeeurope_fr, C.TV7bordeaux, C.Tech_co, C.W9, C.carac1, C.carac2, C.carac3, C.carac4, C.carac5, C.euronews_fr, C.fr2, C.fr3, C.fr3noa, C.fr4, C.fr5, C.frinfo
2026-04-25 05:13:46,596 [INFO] Assemblage du fichier final...
2026-04-25 05:13:46,638 [INFO] SUCCÈS : /home/runner/work/epg/epg/b01/epg.xml.gz généré.
